=== BASELINE ===
/ephemeral/benchmark_worktree/benchmarks/benchmark_serving.py:18: SyntaxWarning: invalid escape sequence '\ '
  --request-rate <request_rate> \ # By default <request_rate> is inf
/ephemeral/benchmark_venv/lib/python3.12/site-packages/transformers/utils/hub.py:110: FutureWarning: Using `TRANSFORMERS_CACHE` is deprecated and will be removed in v5 of Transformers. Use `HF_HOME` instead.
  warnings.warn(
Traceback (most recent call last):
  File "/ephemeral/benchmark_venv/lib/python3.12/site-packages/huggingface_hub/utils/_http.py", line 402, in hf_raise_for_status
    response.raise_for_status()
  File "/ephemeral/benchmark_venv/lib/python3.12/site-packages/requests/models.py", line 1026, in raise_for_status
    raise HTTPError(http_error_msg, response=self)
requests.exceptions.HTTPError: 404 Client Error: Not Found for url: https://huggingface.co/meta-llama/Llama-3-8B-Instruct/resolve/main/tokenizer_config.json

The above exception was the direct cause of the following exception:

Traceback (most recent call last):
  File "/ephemeral/benchmark_venv/lib/python3.12/site-packages/transformers/utils/hub.py", line 479, in cached_files
    hf_hub_download(
  File "/ephemeral/benchmark_venv/lib/python3.12/site-packages/huggingface_hub/utils/_validators.py", line 114, in _inner_fn
    return fn(*args, **kwargs)
           ^^^^^^^^^^^^^^^^^^^
  File "/ephemeral/benchmark_venv/lib/python3.12/site-packages/huggingface_hub/file_download.py", line 1007, in hf_hub_download
    return _hf_hub_download_to_cache_dir(
           ^^^^^^^^^^^^^^^^^^^^^^^^^^^^^^
  File "/ephemeral/benchmark_venv/lib/python3.12/site-packages/huggingface_hub/file_download.py", line 1114, in _hf_hub_download_to_cache_dir
    _raise_on_head_call_error(head_call_error, force_download, local_files_only)
  File "/ephemeral/benchmark_venv/lib/python3.12/site-packages/huggingface_hub/file_download.py", line 1655, in _raise_on_head_call_error
    raise head_call_error
  File "/ephemeral/benchmark_venv/lib/python3.12/site-packages/huggingface_hub/file_download.py", line 1543, in _get_metadata_or_catch_error
    metadata = get_hf_file_metadata(
               ^^^^^^^^^^^^^^^^^^^^^
  File "/ephemeral/benchmark_venv/lib/python3.12/site-packages/huggingface_hub/utils/_validators.py", line 114, in _inner_fn
    return fn(*args, **kwargs)
           ^^^^^^^^^^^^^^^^^^^
  File "/ephemeral/benchmark_venv/lib/python3.12/site-packages/huggingface_hub/file_download.py", line 1460, in get_hf_file_metadata
    r = _request_wrapper(
        ^^^^^^^^^^^^^^^^^
  File "/ephemeral/benchmark_venv/lib/python3.12/site-packages/huggingface_hub/file_download.py", line 283, in _request_wrapper
    response = _request_wrapper(
               ^^^^^^^^^^^^^^^^^
  File "/ephemeral/benchmark_venv/lib/python3.12/site-packages/huggingface_hub/file_download.py", line 307, in _request_wrapper
    hf_raise_for_status(response)
  File "/ephemeral/benchmark_venv/lib/python3.12/site-packages/huggingface_hub/utils/_http.py", line 452, in hf_raise_for_status
    raise _format(RepositoryNotFoundError, message, response) from e
huggingface_hub.errors.RepositoryNotFoundError: 404 Client Error. (Request ID: Root=1-694cff70-383c8db249a249757b98e62b;69fdb22b-3020-4b25-9b5c-4f8a27e3a3f9)

Repository Not Found for url: https://huggingface.co/meta-llama/Llama-3-8B-Instruct/resolve/main/tokenizer_config.json.
Please make sure you specified the correct `repo_id` and `repo_type`.
If you are trying to access a private or gated repo, make sure you are authenticated. For more details, see https://huggingface.co/docs/huggingface_hub/authentication

The above exception was the direct cause of the following exception:

Traceback (most recent call last):
  File "/ephemeral/benchmark_worktree/benchmarks/benchmark_serving.py", line 826, in <module>
    main(args)
  File "/ephemeral/benchmark_worktree/benchmarks/benchmark_serving.py", line 509, in main
    tokenizer = get_tokenizer(tokenizer_id,
                ^^^^^^^^^^^^^^^^^^^^^^^^^^^
  File "/ephemeral/benchmark_venv/lib/python3.12/site-packages/vllm/transformers_utils/tokenizer.py", line 120, in get_tokenizer
    tokenizer = AutoTokenizer.from_pretrained(
                ^^^^^^^^^^^^^^^^^^^^^^^^^^^^^^
  File "/ephemeral/benchmark_venv/lib/python3.12/site-packages/transformers/models/auto/tokenization_auto.py", line 1089, in from_pretrained
    tokenizer_config = get_tokenizer_config(pretrained_model_name_or_path, **kwargs)
                       ^^^^^^^^^^^^^^^^^^^^^^^^^^^^^^^^^^^^^^^^^^^^^^^^^^^^^^^^^^^^^
  File "/ephemeral/benchmark_venv/lib/python3.12/site-packages/transformers/models/auto/tokenization_auto.py", line 921, in get_tokenizer_config
    resolved_config_file = cached_file(
                           ^^^^^^^^^^^^
  File "/ephemeral/benchmark_venv/lib/python3.12/site-packages/transformers/utils/hub.py", line 322, in cached_file
    file = cached_files(path_or_repo_id=path_or_repo_id, filenames=[filename], **kwargs)
           ^^^^^^^^^^^^^^^^^^^^^^^^^^^^^^^^^^^^^^^^^^^^^^^^^^^^^^^^^^^^^^^^^^^^^^^^^^^^^
  File "/ephemeral/benchmark_venv/lib/python3.12/site-packages/transformers/utils/hub.py", line 511, in cached_files
    raise OSError(
OSError: meta-llama/Llama-3-8B-Instruct is not a local folder and is not a valid model identifier listed on 'https://huggingface.co/models'
If this is a private repository, make sure to pass a token having permission to this repo either by logging in with `hf auth login` or by passing `token=<your_token>`
