=== BASELINE ===
/ephemeral/benchmark_venv/lib/python3.12/site-packages/transformers/utils/hub.py:110: FutureWarning: Using `TRANSFORMERS_CACHE` is deprecated and will be removed in v5 of Transformers. Use `HF_HOME` instead.
  warnings.warn(
Traceback (most recent call last):
  File "/ephemeral/benchmark_venv/bin/vllm", line 10, in <module>
    sys.exit(main())
             ^^^^^^
  File "/ephemeral/benchmark_venv/lib/python3.12/site-packages/vllm/entrypoints/cli/main.py", line 54, in main
    args.dispatch_function(args)
  File "/ephemeral/benchmark_venv/lib/python3.12/site-packages/vllm/entrypoints/cli/benchmark/serve.py", line 21, in cmd
    main(args)
  File "/ephemeral/benchmark_venv/lib/python3.12/site-packages/vllm/benchmarks/serve.py", line 984, in main
    benchmark_result = asyncio.run(
                       ^^^^^^^^^^^^
  File "/root/.local/share/uv/python/cpython-3.12.12-linux-x86_64-gnu/lib/python3.12/asyncio/runners.py", line 195, in run
    return runner.run(main)
           ^^^^^^^^^^^^^^^^
  File "/root/.local/share/uv/python/cpython-3.12.12-linux-x86_64-gnu/lib/python3.12/asyncio/runners.py", line 118, in run
    return self._loop.run_until_complete(task)
           ^^^^^^^^^^^^^^^^^^^^^^^^^^^^^^^^^^^
  File "/root/.local/share/uv/python/cpython-3.12.12-linux-x86_64-gnu/lib/python3.12/asyncio/base_events.py", line 691, in run_until_complete
    return future.result()
           ^^^^^^^^^^^^^^^
  File "/ephemeral/benchmark_venv/lib/python3.12/site-packages/vllm/benchmarks/serve.py", line 364, in benchmark
    raise ValueError(
ValueError: Initial test run failed - Please make sure benchmark arguments are correctly specified. Error: Traceback (most recent call last):
  File "/ephemeral/benchmark_venv/lib/python3.12/site-packages/aiohttp/connector.py", line 1268, in _wrap_create_connection
    sock = await aiohappyeyeballs.start_connection(
           ^^^^^^^^^^^^^^^^^^^^^^^^^^^^^^^^^^^^^^^^
  File "/ephemeral/benchmark_venv/lib/python3.12/site-packages/aiohappyeyeballs/impl.py", line 122, in start_connection
    raise first_exception
  File "/ephemeral/benchmark_venv/lib/python3.12/site-packages/aiohappyeyeballs/impl.py", line 73, in start_connection
    sock = await _connect_sock(
           ^^^^^^^^^^^^^^^^^^^^
  File "/ephemeral/benchmark_venv/lib/python3.12/site-packages/aiohappyeyeballs/impl.py", line 208, in _connect_sock
    await loop.sock_connect(sock, address)
  File "/root/.local/share/uv/python/cpython-3.12.12-linux-x86_64-gnu/lib/python3.12/asyncio/selector_events.py", line 651, in sock_connect
    return await fut
           ^^^^^^^^^
  File "/root/.local/share/uv/python/cpython-3.12.12-linux-x86_64-gnu/lib/python3.12/asyncio/selector_events.py", line 691, in _sock_connect_cb
    raise OSError(err, f'Connect call failed {address}')
ConnectionRefusedError: [Errno 111] Connect call failed ('127.0.0.1', 8000)

The above exception was the direct cause of the following exception:

Traceback (most recent call last):
  File "/ephemeral/benchmark_venv/lib/python3.12/site-packages/vllm/benchmarks/endpoint_request_func.py", line 99, in async_request_openai_completions
    async with session.post(url=api_url, json=payload,
               ^^^^^^^^^^^^^^^^^^^^^^^^^^^^^^^^^^^^^^^
  File "/ephemeral/benchmark_venv/lib/python3.12/site-packages/aiohttp/client.py", line 1510, in __aenter__
    self._resp: _RetType = await self._coro
                           ^^^^^^^^^^^^^^^^
  File "/ephemeral/benchmark_venv/lib/python3.12/site-packages/aiohttp/client.py", line 779, in _request
    resp = await handler(req)
           ^^^^^^^^^^^^^^^^^^
  File "/ephemeral/benchmark_venv/lib/python3.12/site-packages/aiohttp/client.py", line 734, in _connect_and_send_request
    conn = await self._connector.connect(
           ^^^^^^^^^^^^^^^^^^^^^^^^^^^^^^
  File "/ephemeral/benchmark_venv/lib/python3.12/site-packages/aiohttp/connector.py", line 642, in connect
    proto = await self._create_connection(req, traces, timeout)
            ^^^^^^^^^^^^^^^^^^^^^^^^^^^^^^^^^^^^^^^^^^^^^^^^^^^
  File "/ephemeral/benchmark_venv/lib/python3.12/site-packages/aiohttp/connector.py", line 1209, in _create_connection
    _, proto = await self._create_direct_connection(req, traces, timeout)
               ^^^^^^^^^^^^^^^^^^^^^^^^^^^^^^^^^^^^^^^^^^^^^^^^^^^^^^^^^^
  File "/ephemeral/benchmark_venv/lib/python3.12/site-packages/aiohttp/connector.py", line 1581, in _create_direct_connection
    raise last_exc
  File "/ephemeral/benchmark_venv/lib/python3.12/site-packages/aiohttp/connector.py", line 1550, in _create_direct_connection
    transp, proto = await self._wrap_create_connection(
                    ^^^^^^^^^^^^^^^^^^^^^^^^^^^^^^^^^^^
  File "/ephemeral/benchmark_venv/lib/python3.12/site-packages/aiohttp/connector.py", line 1291, in _wrap_create_connection
    raise client_error(req.connection_key, exc) from exc
aiohttp.client_exceptions.ClientConnectorError: Cannot connect to host localhost:8000 ssl:default [Connect call failed ('127.0.0.1', 8000)]

