Traceback (most recent call last):
  File "/home/ubuntu/.local/lib/python3.10/site-packages/transformers/utils/import_utils.py", line 2317, in __getattr__
    module = self._get_module(self._class_to_module[name])
  File "/home/ubuntu/.local/lib/python3.10/site-packages/transformers/utils/import_utils.py", line 2347, in _get_module
    raise e
  File "/home/ubuntu/.local/lib/python3.10/site-packages/transformers/utils/import_utils.py", line 2345, in _get_module
    return importlib.import_module("." + module_name, self.__name__)
  File "/usr/lib/python3.10/importlib/__init__.py", line 126, in import_module
    return _bootstrap._gcd_import(name[level:], package, level)
  File "<frozen importlib._bootstrap>", line 1050, in _gcd_import
  File "<frozen importlib._bootstrap>", line 1027, in _find_and_load
  File "<frozen importlib._bootstrap>", line 1006, in _find_and_load_unlocked
  File "<frozen importlib._bootstrap>", line 688, in _load_unlocked
  File "<frozen importlib._bootstrap_external>", line 883, in exec_module
  File "<frozen importlib._bootstrap>", line 241, in _call_with_frames_removed
  File "/home/ubuntu/.local/lib/python3.10/site-packages/transformers/modeling_utils.py", line 70, in <module>
    from .loss.loss_utils import LOSS_MAPPING
  File "/home/ubuntu/.local/lib/python3.10/site-packages/transformers/loss/loss_utils.py", line 21, in <module>
    from .loss_d_fine import DFineForObjectDetectionLoss
  File "/home/ubuntu/.local/lib/python3.10/site-packages/transformers/loss/loss_d_fine.py", line 21, in <module>
    from .loss_for_object_detection import (
  File "/home/ubuntu/.local/lib/python3.10/site-packages/transformers/loss/loss_for_object_detection.py", line 32, in <module>
    from transformers.image_transforms import center_to_corners_format
  File "/home/ubuntu/.local/lib/python3.10/site-packages/transformers/image_transforms.py", line 22, in <module>
    from .image_utils import (
  File "/home/ubuntu/.local/lib/python3.10/site-packages/transformers/image_utils.py", line 55, in <module>
    from torchvision.transforms import InterpolationMode
  File "/home/ubuntu/.local/lib/python3.10/site-packages/torchvision/__init__.py", line 10, in <module>
    from torchvision import _meta_registrations, datasets, io, models, ops, transforms, utils  # usort:skip
  File "/home/ubuntu/.local/lib/python3.10/site-packages/torchvision/_meta_registrations.py", line 164, in <module>
    def meta_nms(dets, scores, iou_threshold):
  File "/home/ubuntu/.local/lib/python3.10/site-packages/torch/library.py", line 795, in register
    use_lib._register_fake(op_name, func, _stacklevel=stacklevel + 1)
  File "/home/ubuntu/.local/lib/python3.10/site-packages/torch/library.py", line 184, in _register_fake
    handle = entry.fake_impl.register(func_to_register, source)
  File "/home/ubuntu/.local/lib/python3.10/site-packages/torch/_library/fake_impl.py", line 31, in register
    if torch._C._dispatch_has_kernel_for_dispatch_key(self.qualname, "Meta"):
RuntimeError: operator torchvision::nms does not exist

The above exception was the direct cause of the following exception:

Traceback (most recent call last):
  File "/tmp/eval_worktree_1b4xrvnk/test_script.py", line 402, in <module>
    run_test(args.eqcheck, args.reference, args.prefix)
  File "/tmp/eval_worktree_1b4xrvnk/test_script.py", line 331, in run_test
    data = setup()
  File "/tmp/eval_worktree_1b4xrvnk/test_script.py", line 189, in setup
    from cacheflow.models import InputMetadata
  File "/tmp/eval_worktree_1b4xrvnk/worktree/cacheflow/models/__init__.py", line 2, in <module>
    from cacheflow.models.model_utils import get_model
  File "/tmp/eval_worktree_1b4xrvnk/worktree/cacheflow/models/model_utils.py", line 3, in <module>
    from cacheflow.models.opt import OPTForCausalLM
  File "/tmp/eval_worktree_1b4xrvnk/worktree/cacheflow/models/opt.py", line 5, in <module>
    from transformers import PreTrainedModel
  File "/home/ubuntu/.local/lib/python3.10/site-packages/transformers/utils/import_utils.py", line 2320, in __getattr__
    raise ModuleNotFoundError(
ModuleNotFoundError: Could not import module 'PreTrainedModel'. Are this object's requirements defined correctly?

