=== BASELINE ===
INFO 12-25 09:13:29 [__init__.py:235] Automatically detected platform cuda.
When dataset path is not set, it will default to random dataset
INFO 12-25 09:13:35 [datasets.py:355] Sampling input_len from [1000, 1000] and output_len from [100, 100]
ERROR 12-25 09:13:42 [registry.py:390] Error in inspecting model architecture 'Qwen3MoeForCausalLM'
ERROR 12-25 09:13:42 [registry.py:390] Traceback (most recent call last):
ERROR 12-25 09:13:42 [registry.py:390]   File "/ephemeral/benchmark_venv/lib/python3.12/site-packages/vllm/model_executor/models/registry.py", line 659, in _run_in_subprocess
ERROR 12-25 09:13:42 [registry.py:390]     returned.check_returncode()
ERROR 12-25 09:13:42 [registry.py:390]   File "/root/.local/share/uv/python/cpython-3.12.12-linux-x86_64-gnu/lib/python3.12/subprocess.py", line 502, in check_returncode
ERROR 12-25 09:13:42 [registry.py:390]     raise CalledProcessError(self.returncode, self.args, self.stdout,
ERROR 12-25 09:13:42 [registry.py:390] subprocess.CalledProcessError: Command '['/ephemeral/benchmark_venv/bin/python', '-m', 'vllm.model_executor.models.registry']' returned non-zero exit status 1.
ERROR 12-25 09:13:42 [registry.py:390] 
ERROR 12-25 09:13:42 [registry.py:390] The above exception was the direct cause of the following exception:
ERROR 12-25 09:13:42 [registry.py:390] 
ERROR 12-25 09:13:42 [registry.py:390] Traceback (most recent call last):
ERROR 12-25 09:13:42 [registry.py:390]   File "/ephemeral/benchmark_venv/lib/python3.12/site-packages/vllm/model_executor/models/registry.py", line 388, in _try_inspect_model_cls
ERROR 12-25 09:13:42 [registry.py:390]     return model.inspect_model_cls()
ERROR 12-25 09:13:42 [registry.py:390]            ^^^^^^^^^^^^^^^^^^^^^^^^^
ERROR 12-25 09:13:42 [registry.py:390]   File "/ephemeral/benchmark_venv/lib/python3.12/site-packages/vllm/model_executor/models/registry.py", line 359, in inspect_model_cls
ERROR 12-25 09:13:42 [registry.py:390]     return _run_in_subprocess(
ERROR 12-25 09:13:42 [registry.py:390]            ^^^^^^^^^^^^^^^^^^^
ERROR 12-25 09:13:42 [registry.py:390]   File "/ephemeral/benchmark_venv/lib/python3.12/site-packages/vllm/model_executor/models/registry.py", line 662, in _run_in_subprocess
ERROR 12-25 09:13:42 [registry.py:390]     raise RuntimeError(f"Error raised in subprocess:\n"
ERROR 12-25 09:13:42 [registry.py:390] RuntimeError: Error raised in subprocess:
ERROR 12-25 09:13:42 [registry.py:390] /ephemeral/benchmark_worktree/vllm/__init__.py:7: RuntimeWarning: Failed to read commit hash:
ERROR 12-25 09:13:42 [registry.py:390] No module named 'vllm._version'
ERROR 12-25 09:13:42 [registry.py:390]   from .version import __version__, __version_tuple__  # isort:skip
ERROR 12-25 09:13:42 [registry.py:390] /ephemeral/benchmark_venv/lib/python3.12/site-packages/transformers/utils/hub.py:110: FutureWarning: Using `TRANSFORMERS_CACHE` is deprecated and will be removed in v5 of Transformers. Use `HF_HOME` instead.
ERROR 12-25 09:13:42 [registry.py:390]   warnings.warn(
ERROR 12-25 09:13:42 [registry.py:390] Traceback (most recent call last):
ERROR 12-25 09:13:42 [registry.py:390]   File "<frozen runpy>", line 189, in _run_module_as_main
ERROR 12-25 09:13:42 [registry.py:390]   File "<frozen runpy>", line 112, in _get_module_details
ERROR 12-25 09:13:42 [registry.py:390]   File "/ephemeral/benchmark_worktree/vllm/model_executor/__init__.py", line 4, in <module>
ERROR 12-25 09:13:42 [registry.py:390]     from vllm.model_executor.parameter import (BasevLLMParameter,
ERROR 12-25 09:13:42 [registry.py:390]   File "/ephemeral/benchmark_worktree/vllm/model_executor/parameter.py", line 10, in <module>
ERROR 12-25 09:13:42 [registry.py:390]     from vllm.distributed import get_tensor_model_parallel_rank
ERROR 12-25 09:13:42 [registry.py:390]   File "/ephemeral/benchmark_worktree/vllm/distributed/__init__.py", line 4, in <module>
ERROR 12-25 09:13:42 [registry.py:390]     from .communication_op import *
ERROR 12-25 09:13:42 [registry.py:390]   File "/ephemeral/benchmark_worktree/vllm/distributed/communication_op.py", line 9, in <module>
ERROR 12-25 09:13:42 [registry.py:390]     from .parallel_state import get_tp_group
ERROR 12-25 09:13:42 [registry.py:390]   File "/ephemeral/benchmark_worktree/vllm/distributed/parallel_state.py", line 150, in <module>
ERROR 12-25 09:13:42 [registry.py:390]     from vllm.platforms import current_platform
ERROR 12-25 09:13:42 [registry.py:390]   File "/ephemeral/benchmark_worktree/vllm/platforms/__init__.py", line 267, in __getattr__
ERROR 12-25 09:13:42 [registry.py:390]     _current_platform = resolve_obj_by_qualname(
ERROR 12-25 09:13:42 [registry.py:390]                         ^^^^^^^^^^^^^^^^^^^^^^^^
ERROR 12-25 09:13:42 [registry.py:390]   File "/ephemeral/benchmark_worktree/vllm/utils/__init__.py", line 2544, in resolve_obj_by_qualname
ERROR 12-25 09:13:42 [registry.py:390]     module = importlib.import_module(module_name)
ERROR 12-25 09:13:42 [registry.py:390]              ^^^^^^^^^^^^^^^^^^^^^^^^^^^^^^^^^^^^
ERROR 12-25 09:13:42 [registry.py:390]   File "/root/.local/share/uv/python/cpython-3.12.12-linux-x86_64-gnu/lib/python3.12/importlib/__init__.py", line 90, in import_module
ERROR 12-25 09:13:42 [registry.py:390]     return _bootstrap._gcd_import(name[level:], package, level)
ERROR 12-25 09:13:42 [registry.py:390]            ^^^^^^^^^^^^^^^^^^^^^^^^^^^^^^^^^^^^^^^^^^^^^^^^^^^^
ERROR 12-25 09:13:42 [registry.py:390]   File "/ephemeral/benchmark_worktree/vllm/platforms/cuda.py", line 18, in <module>
ERROR 12-25 09:13:42 [registry.py:390]     import vllm._C  # noqa
ERROR 12-25 09:13:42 [registry.py:390]     ^^^^^^^^^^^^^^
ERROR 12-25 09:13:42 [registry.py:390] ModuleNotFoundError: No module named 'vllm._C'
ERROR 12-25 09:13:42 [registry.py:390] 
ERROR 12-25 09:13:45 [registry.py:390] Error in inspecting model architecture 'TransformersForCausalLM'
ERROR 12-25 09:13:45 [registry.py:390] Traceback (most recent call last):
ERROR 12-25 09:13:45 [registry.py:390]   File "/ephemeral/benchmark_venv/lib/python3.12/site-packages/vllm/model_executor/models/registry.py", line 659, in _run_in_subprocess
ERROR 12-25 09:13:45 [registry.py:390]     returned.check_returncode()
ERROR 12-25 09:13:45 [registry.py:390]   File "/root/.local/share/uv/python/cpython-3.12.12-linux-x86_64-gnu/lib/python3.12/subprocess.py", line 502, in check_returncode
ERROR 12-25 09:13:45 [registry.py:390]     raise CalledProcessError(self.returncode, self.args, self.stdout,
ERROR 12-25 09:13:45 [registry.py:390] subprocess.CalledProcessError: Command '['/ephemeral/benchmark_venv/bin/python', '-m', 'vllm.model_executor.models.registry']' returned non-zero exit status 1.
ERROR 12-25 09:13:45 [registry.py:390] 
ERROR 12-25 09:13:45 [registry.py:390] The above exception was the direct cause of the following exception:
ERROR 12-25 09:13:45 [registry.py:390] 
ERROR 12-25 09:13:45 [registry.py:390] Traceback (most recent call last):
ERROR 12-25 09:13:45 [registry.py:390]   File "/ephemeral/benchmark_venv/lib/python3.12/site-packages/vllm/model_executor/models/registry.py", line 388, in _try_inspect_model_cls
ERROR 12-25 09:13:45 [registry.py:390]     return model.inspect_model_cls()
ERROR 12-25 09:13:45 [registry.py:390]            ^^^^^^^^^^^^^^^^^^^^^^^^^
ERROR 12-25 09:13:45 [registry.py:390]   File "/ephemeral/benchmark_venv/lib/python3.12/site-packages/vllm/model_executor/models/registry.py", line 359, in inspect_model_cls
ERROR 12-25 09:13:45 [registry.py:390]     return _run_in_subprocess(
ERROR 12-25 09:13:45 [registry.py:390]            ^^^^^^^^^^^^^^^^^^^
ERROR 12-25 09:13:45 [registry.py:390]   File "/ephemeral/benchmark_venv/lib/python3.12/site-packages/vllm/model_executor/models/registry.py", line 662, in _run_in_subprocess
ERROR 12-25 09:13:45 [registry.py:390]     raise RuntimeError(f"Error raised in subprocess:\n"
ERROR 12-25 09:13:45 [registry.py:390] RuntimeError: Error raised in subprocess:
ERROR 12-25 09:13:45 [registry.py:390] /ephemeral/benchmark_worktree/vllm/__init__.py:7: RuntimeWarning: Failed to read commit hash:
ERROR 12-25 09:13:45 [registry.py:390] No module named 'vllm._version'
ERROR 12-25 09:13:45 [registry.py:390]   from .version import __version__, __version_tuple__  # isort:skip
ERROR 12-25 09:13:45 [registry.py:390] /ephemeral/benchmark_venv/lib/python3.12/site-packages/transformers/utils/hub.py:110: FutureWarning: Using `TRANSFORMERS_CACHE` is deprecated and will be removed in v5 of Transformers. Use `HF_HOME` instead.
ERROR 12-25 09:13:45 [registry.py:390]   warnings.warn(
ERROR 12-25 09:13:45 [registry.py:390] Traceback (most recent call last):
ERROR 12-25 09:13:45 [registry.py:390]   File "<frozen runpy>", line 189, in _run_module_as_main
ERROR 12-25 09:13:45 [registry.py:390]   File "<frozen runpy>", line 112, in _get_module_details
ERROR 12-25 09:13:45 [registry.py:390]   File "/ephemeral/benchmark_worktree/vllm/model_executor/__init__.py", line 4, in <module>
ERROR 12-25 09:13:45 [registry.py:390]     from vllm.model_executor.parameter import (BasevLLMParameter,
ERROR 12-25 09:13:45 [registry.py:390]   File "/ephemeral/benchmark_worktree/vllm/model_executor/parameter.py", line 10, in <module>
ERROR 12-25 09:13:45 [registry.py:390]     from vllm.distributed import get_tensor_model_parallel_rank
ERROR 12-25 09:13:45 [registry.py:390]   File "/ephemeral/benchmark_worktree/vllm/distributed/__init__.py", line 4, in <module>
ERROR 12-25 09:13:45 [registry.py:390]     from .communication_op import *
ERROR 12-25 09:13:45 [registry.py:390]   File "/ephemeral/benchmark_worktree/vllm/distributed/communication_op.py", line 9, in <module>
ERROR 12-25 09:13:45 [registry.py:390]     from .parallel_state import get_tp_group
ERROR 12-25 09:13:45 [registry.py:390]   File "/ephemeral/benchmark_worktree/vllm/distributed/parallel_state.py", line 150, in <module>
ERROR 12-25 09:13:45 [registry.py:390]     from vllm.platforms import current_platform
ERROR 12-25 09:13:45 [registry.py:390]   File "/ephemeral/benchmark_worktree/vllm/platforms/__init__.py", line 267, in __getattr__
ERROR 12-25 09:13:45 [registry.py:390]     _current_platform = resolve_obj_by_qualname(
ERROR 12-25 09:13:45 [registry.py:390]                         ^^^^^^^^^^^^^^^^^^^^^^^^
ERROR 12-25 09:13:45 [registry.py:390]   File "/ephemeral/benchmark_worktree/vllm/utils/__init__.py", line 2544, in resolve_obj_by_qualname
ERROR 12-25 09:13:45 [registry.py:390]     module = importlib.import_module(module_name)
ERROR 12-25 09:13:45 [registry.py:390]              ^^^^^^^^^^^^^^^^^^^^^^^^^^^^^^^^^^^^
ERROR 12-25 09:13:45 [registry.py:390]   File "/root/.local/share/uv/python/cpython-3.12.12-linux-x86_64-gnu/lib/python3.12/importlib/__init__.py", line 90, in import_module
ERROR 12-25 09:13:45 [registry.py:390]     return _bootstrap._gcd_import(name[level:], package, level)
ERROR 12-25 09:13:45 [registry.py:390]            ^^^^^^^^^^^^^^^^^^^^^^^^^^^^^^^^^^^^^^^^^^^^^^^^^^^^
ERROR 12-25 09:13:45 [registry.py:390]   File "/ephemeral/benchmark_worktree/vllm/platforms/cuda.py", line 18, in <module>
ERROR 12-25 09:13:45 [registry.py:390]     import vllm._C  # noqa
ERROR 12-25 09:13:45 [registry.py:390]     ^^^^^^^^^^^^^^
ERROR 12-25 09:13:45 [registry.py:390] ModuleNotFoundError: No module named 'vllm._C'
ERROR 12-25 09:13:45 [registry.py:390] 
