{
  "human_commit": "3a243095",
  "human_commit_full": "3a243095e5e7b655b63ab08fbd5936cb40850415",
  "parent_commit": "64172a976c8d975b3aec946f1675716d2532d94f",
  "model": "meta-llama/Llama-3.1-8B-Instruct",
  "status": "error",
  "error": "Server crashed after applying patch",
  "duration_s": 132.68447828292847,
  "metrics": {},
  "raw_output": "=== Applying agent patch to baseline vLLM ===\nFixing transformers compatibility (LogitsWarper missing)...\nvLLM found at: /opt/vllm_baseline\nApplying patch...\nchecking file vllm/model_executor/layers/sampler.py\npatching file vllm/model_executor/layers/sampler.py\nAGENT_PATCH_APPLIED\nFixing rope_scaling compatibility for Llama-3.1 models...\n  Patching: /opt/vllm_baseline/vllm/config.py\n  Patching: /opt/vllm_baseline/vllm/model_executor/layers/rotary_embedding.py\nSearching for Python with vLLM...\nWARNING: Could not find Python with vLLM, trying default python3\nvLLM import failed\nFixing outlines.fsm compatibility (fsm.guide missing)...\nFound existing installation: outlines 0.0.34\nUninstalling outlines-0.0.34:\n  Successfully uninstalled outlines-0.0.34\nWARNING: Ignoring invalid distribution -ransformers (/usr/local/lib/python3.10/dist-packages)\nWARNING: Ignoring invalid distribution -ransformers (/usr/local/lib/python3.10/dist-packages)\nCollecting outlines==0.0.34\n  Downloading outlines-0.0.34-py3-none-any.whl (76 kB)\n     \u2501\u2501\u2501\u2501\u2501\u2501\u2501\u2501\u2501\u2501\u2501\u2501\u2501\u2501\u2501\u2501\u2501\u2501\u2501\u2501\u2501\u2501\u2501\u2501\u2501\u2501\u2501\u2501\u2501\u2501\u2501\u2501\u2501\u2501\u2501\u2501\u2501\u2501\u2501\u2501 76.5/76.5 KB 3.8 MB/s eta 0:00:00\nInstalling collected packages: outlines\nWARNING: Ignoring invalid distribution -ransformers (/usr/local/lib/python3.10/dist-packages)\nSuccessfully installed outlines-0.0.34\nWARNING: Running pip as the 'root' user can result in broken permissions and conflicting behaviour with the system package manager. It is recommended to use a virtual environment instead: https://pip.pypa.io/warnings/venv\nWarning: outlines.fsm fix failed - patching vLLM files directly...\n=== Starting vLLM server for AGENT benchmark ===\nTraceback (most recent call last):\n  File \"/usr/lib/python3.10/runpy.py\", line 187, in _run_module_as_main\n    mod_name, mod_spec, code = _get_module_details(mod_name, _Error)\n  File \"/usr/lib/python3.10/runpy.py\", line 110, in _get_module_details\n    __import__(pkg_name)\n  File \"/opt/vllm_baseline/vllm/__init__.py\", line 3, in <module>\n    from vllm.engine.arg_utils import AsyncEngineArgs, EngineArgs\n  File \"/opt/vllm_baseline/vllm/engine/arg_utils.py\", line 6, in <module>\n    from vllm.config import (CacheConfig, DeviceConfig, LoRAConfig, ModelConfig,\n  File \"/opt/vllm_baseline/vllm/config.py\", line 9, in <module>\n    from transformers import PretrainedConfig\n  File \"/usr/local/lib/python3.10/dist-packages/transformers/__init__.py\", line 27, in <module>\n    from . import dependency_versions_check\n  File \"/usr/local/lib/python3.10/dist-packages/transformers/dependency_versions_check.py\", line 16, in <module>\n    from .utils.versions import require_version, require_version_core\nModuleNotFoundError: No module named 'transformers.utils'\nSERVER_CRASHED\nUnable to find image 'anonymous/vllm-baseline:baseline-64172a976c8d' locally\nbaseline-64172a976c8d: Pulling from anonymous/vllm-baseline\naece8493d397: Already exists\n45f7ea5367fe: Already exists\n3d97a47c3c73: Already exists\n12cd4d19752f: Already exists\nda5a484f9d74: Already exists\n5e5846364eee: Pulling fs layer\nfd355de1d1f2: Pulling fs layer\n3480bb79c638: Pulling fs layer\ne7016935dd60: Pulling fs layer\n6fe82dc35ffd: Pulling fs layer\ncbea7bdba602: Pulling fs layer\n791447ff98ea: Pulling fs layer\n85cdda84dad5: Pulling fs layer\n1c56980b5ede: Pulling fs layer\ne7016935dd60: Waiting\ncbea7bdba602: Waiting\nf53a095a9d1b: Pulling fs layer\n6fe82dc35ffd: Waiting\n791447ff98ea: Waiting\necb474cbebac: Pulling fs layer\n85cdda84dad5: Waiting\n1c56980b5ede: Waiting\ndba843e83a73: Pulling fs layer\nf53a095a9d1b: Waiting\necb474cbebac: Waiting\n69ca05ca3458: Pulling fs layer\n69ca05ca3458: Waiting\ndba843e83a73: Waiting\nfd355de1d1f2: Verifying Checksum\nfd355de1d1f2: Download complete\n3480bb79c638: Verifying Checksum\n3480bb79c638: Download complete\ne7016935dd60: Verifying Checksum\ne7016935dd60: Download complete\ncbea7bdba602: Verifying Checksum\ncbea7bdba602: Download complete\n791447ff98ea: Verifying Checksum\n791447ff98ea: Download complete\n6fe82dc35ffd: Verifying Checksum\n6fe82dc35ffd: Download complete\n1c56980b5ede: Verifying Checksum\n1c56980b5ede: Download complete\nf53a095a9d1b: Verifying Checksum\nf53a095a9d1b: Download complete\necb474cbebac: Verifying Checksum\necb474cbebac: Download complete\ndba843e83a73: Download complete\n5e5846364eee: Verifying Checksum\n5e5846364eee: Download complete\n5e5846364eee: Pull complete\nfd355de1d1f2: Pull complete\n3480bb79c638: Pull complete\ne7016935dd60: Pull complete\n85cdda84dad5: Verifying Checksum\n85cdda84dad5: Download complete\n6fe82dc35ffd: Pull complete\ncbea7bdba602: Pull complete\n791447ff98ea: Pull complete\n69ca05ca3458: Verifying Checksum\n69ca05ca3458: Download complete\n85cdda84dad5: Pull complete\n1c56980b5ede: Pull complete\nf53a095a9d1b: Pull complete\necb474cbebac: Pull complete\ndba843e83a73: Pull complete\n69ca05ca3458: Pull complete\nDigest: sha256:6da96e8585eb29228dce9a692ae7fe389d35ad04ea3ad809629c3245954dc3f6\nStatus: Downloaded newer image for anonymous/vllm-baseline:baseline-64172a976c8d\nTraceback (most recent call last):\n  File \"<string>\", line 1, in <module>\n  File \"/opt/vllm_baseline/vllm/__init__.py\", line 3, in <module>\n    from vllm.engine.arg_utils import AsyncEngineArgs, EngineArgs\n  File \"/opt/vllm_baseline/vllm/engine/arg_utils.py\", line 6, in <module>\n    from vllm.config import (CacheConfig, DeviceConfig, LoRAConfig, ModelConfig,\n  File \"/opt/vllm_baseline/vllm/config.py\", line 9, in <module>\n    from transformers import PretrainedConfig\n  File \"/usr/local/lib/python3.10/dist-packages/transformers/__init__.py\", line 27, in <module>\n    from . import dependency_versions_check\n  File \"/usr/local/lib/python3.10/dist-packages/transformers/dependency_versions_check.py\", line 16, in <module>\n    from .utils.versions import require_version, require_version_core\nModuleNotFoundError: No module named 'transformers.utils'\n",
  "timestamp": "2026-01-15 03:17:55"
}