{
  "human_commit": "8bc68e19",
  "human_commit_full": "8bc68e198c4c90ddc2e54fa76eb81c2c714bb1cd",
  "parent_commit": "0fca3cdcf265cd375bca684d951702b6b7adf65a",
  "model": "meta-llama/Llama-3.1-8B-Instruct",
  "status": "error",
  "error": "Server crashed after applying patch",
  "duration_s": 140.65072298049927,
  "metrics": {},
  "raw_output": "=== Applying agent patch to baseline vLLM ===\nFixing transformers compatibility (LogitsWarper missing)...\nvLLM found at: /opt/vllm_baseline\nApplying patch...\nchecking file .buildkite/test-pipeline.yaml\nchecking file examples/tensorize_vllm_model.py\nchecking file vllm/envs.py\nchecking file vllm/model_executor/model_loader/tensorizer.py\npatching file .buildkite/test-pipeline.yaml\npatching file examples/tensorize_vllm_model.py\npatching file vllm/envs.py\npatching file vllm/model_executor/model_loader/tensorizer.py\nAGENT_PATCH_APPLIED\nFixing rope_scaling compatibility for Llama-3.1 models...\n  Patching: /opt/vllm_baseline/vllm/config.py\n  Patching: /opt/vllm_baseline/vllm/model_executor/layers/rotary_embedding.py\nSearching for Python with vLLM...\nWARNING: Could not find Python with vLLM, trying default python3\nvLLM import failed\nFixing outlines.fsm compatibility (fsm.guide missing)...\nFound existing installation: outlines 0.0.34\nUninstalling outlines-0.0.34:\n  Successfully uninstalled outlines-0.0.34\nWARNING: Ignoring invalid distribution -ransformers (/usr/local/lib/python3.10/dist-packages)\nWARNING: Ignoring invalid distribution -ransformers (/usr/local/lib/python3.10/dist-packages)\nCollecting outlines==0.0.34\n  Downloading outlines-0.0.34-py3-none-any.whl (76 kB)\n     \u2501\u2501\u2501\u2501\u2501\u2501\u2501\u2501\u2501\u2501\u2501\u2501\u2501\u2501\u2501\u2501\u2501\u2501\u2501\u2501\u2501\u2501\u2501\u2501\u2501\u2501\u2501\u2501\u2501\u2501\u2501\u2501\u2501\u2501\u2501\u2501\u2501\u2501\u2501\u2501 76.5/76.5 KB 5.1 MB/s eta 0:00:00\nInstalling collected packages: outlines\nWARNING: Ignoring invalid distribution -ransformers (/usr/local/lib/python3.10/dist-packages)\nSuccessfully installed outlines-0.0.34\nWARNING: Running pip as the 'root' user can result in broken permissions and conflicting behaviour with the system package manager. It is recommended to use a virtual environment instead: https://pip.pypa.io/warnings/venv\nWarning: outlines.fsm fix failed - patching vLLM files directly...\nPatching all guided_decoding modules...\nGuided decoding modules patched\n=== Starting vLLM server for AGENT benchmark ===\nTraceback (most recent call last):\n  File \"/usr/lib/python3.10/runpy.py\", line 187, in _run_module_as_main\n    mod_name, mod_spec, code = _get_module_details(mod_name, _Error)\n  File \"/usr/lib/python3.10/runpy.py\", line 110, in _get_module_details\n    __import__(pkg_name)\n  File \"/opt/vllm_baseline/vllm/__init__.py\", line 3, in <module>\n    from vllm.engine.arg_utils import AsyncEngineArgs, EngineArgs\n  File \"/opt/vllm_baseline/vllm/engine/arg_utils.py\", line 6, in <module>\n    from vllm.config import (CacheConfig, DecodingConfig, DeviceConfig,\n  File \"/opt/vllm_baseline/vllm/config.py\", line 7, in <module>\n    from transformers import PretrainedConfig\n  File \"/usr/local/lib/python3.10/dist-packages/transformers/__init__.py\", line 27, in <module>\n    from . import dependency_versions_check\n  File \"/usr/local/lib/python3.10/dist-packages/transformers/dependency_versions_check.py\", line 16, in <module>\n    from .utils.versions import require_version, require_version_core\nModuleNotFoundError: No module named 'transformers.utils'\nSERVER_CRASHED\nUnable to find image 'anonymous/vllm-baseline:baseline-0fca3cdcf265' locally\nbaseline-0fca3cdcf265: Pulling from anonymous/vllm-baseline\n3c645031de29: Already exists\n0d6448aff889: Already exists\n0a7674e3e8fe: Already exists\nb71b637b97c5: Already exists\n56dc85502937: Already exists\n558a309afd19: Pulling fs layer\ndb5e0c2391d9: Pulling fs layer\nde0c85be2f0d: Pulling fs layer\nad38c075dd0f: Pulling fs layer\n0ed7121bfad6: Pulling fs layer\n8eee8480ca16: Pulling fs layer\nad38c075dd0f: Waiting\n8eee8480ca16: Waiting\n0ed7121bfad6: Waiting\nde0c85be2f0d: Verifying Checksum\nde0c85be2f0d: Download complete\n558a309afd19: Verifying Checksum\n558a309afd19: Download complete\n558a309afd19: Pull complete\n0ed7121bfad6: Verifying Checksum\n0ed7121bfad6: Download complete\ndb5e0c2391d9: Verifying Checksum\ndb5e0c2391d9: Download complete\ndb5e0c2391d9: Pull complete\nde0c85be2f0d: Pull complete\n8eee8480ca16: Verifying Checksum\n8eee8480ca16: Download complete\nad38c075dd0f: Verifying Checksum\nad38c075dd0f: Download complete\nad38c075dd0f: Pull complete\n0ed7121bfad6: Pull complete\n8eee8480ca16: Pull complete\nDigest: sha256:60832f9788adcdefa303804245be6305599e77affb7c29282f70ce11d8d8aff1\nStatus: Downloaded newer image for anonymous/vllm-baseline:baseline-0fca3cdcf265\nTraceback (most recent call last):\n  File \"<string>\", line 1, in <module>\n  File \"/opt/vllm_baseline/vllm/__init__.py\", line 3, in <module>\n    from vllm.engine.arg_utils import AsyncEngineArgs, EngineArgs\n  File \"/opt/vllm_baseline/vllm/engine/arg_utils.py\", line 6, in <module>\n    from vllm.config import (CacheConfig, DecodingConfig, DeviceConfig,\n  File \"/opt/vllm_baseline/vllm/config.py\", line 7, in <module>\n    from transformers import PretrainedConfig\n  File \"/usr/local/lib/python3.10/dist-packages/transformers/__init__.py\", line 27, in <module>\n    from . import dependency_versions_check\n  File \"/usr/local/lib/python3.10/dist-packages/transformers/dependency_versions_check.py\", line 16, in <module>\n    from .utils.versions import require_version, require_version_core\nModuleNotFoundError: No module named 'transformers.utils'\n",
  "timestamp": "2026-01-15 02:22:30"
}